[2019-09-08 17:24:39,793][ERROR][/home/kabir/STEPS/STEPS/src/steps/wmdirect/wmdirect.cpp:315][virtual void steps::wmdirect::Wmdirect::run(double)]: ArgErr: Endtime is before current simulation time 
[2019-09-08 17:24:51,220][ERROR][/home/kabir/STEPS/STEPS/src/steps/wmdirect/wmdirect.cpp:315][virtual void steps::wmdirect::Wmdirect::run(double)]: ArgErr: Endtime is before current simulation time 
[2019-09-08 17:25:08,054][ERROR][/home/kabir/STEPS/STEPS/src/steps/geom/geom.cpp:144][void steps::wm::Geom::_checkCompID(const string&) const]: ArgErr: 'comp' is already in use.
 
[2019-09-08 17:55:19,641][ERROR][/home/kabir/STEPS/STEPS/src/steps/model/model.cpp:190][steps::model::Volsys* steps::model::Model::getVolsys(const string&) const]: ArgErr: Model does not contain volume system with name 'ervsys' 
[2019-09-08 17:55:47,760][ERROR][/home/kabir/STEPS/STEPS/src/steps/model/model.cpp:190][steps::model::Volsys* steps::model::Model::getVolsys(const string&) const]: ArgErr: Model does not contain volume system with name 'cytvsys' 
[2019-09-08 17:55:56,454][ERROR][/home/kabir/STEPS/STEPS/src/steps/model/model.cpp:190][steps::model::Volsys* steps::model::Model::getVolsys(const string&) const]: ArgErr: Model does not contain volume system with name 'cytvsys' 
[2019-09-08 17:58:41,144][ERROR][/home/kabir/STEPS/STEPS/src/steps/model/sreac.cpp:203][void steps::model::SReac::setSLHS(const std::vector<steps::model::Spec*>&)]: Assertion failed, please send the log files under .logs/ to developer. 
[2019-09-08 17:58:50,437][ERROR][/home/kabir/STEPS/STEPS/src/steps/model/model.cpp:214][steps::model::Surfsys* steps::model::Model::getSurfsys(const string&) const]: ArgErr: Model does not contain surface system with name 'cytSurfsys' 
[2019-09-08 19:12:46,482][ERROR][/home/kabir/STEPS/STEPS/src/steps/model/sreac.cpp:262][void steps::model::SReac::setKcst(double)]: ArgErr: Surface reaction constant can't be negative 
[2019-09-09 16:26:43,531][ERROR][/home/kabir/STEPS/STEPS/src/steps/solver/api_patch.cpp:89][void steps::solver::API::setPatchCount(const string&, const string&, double)]: ArgErr: Number of molecules cannot be negative. 
[2019-09-09 16:26:50,165][ERROR][/home/kabir/STEPS/STEPS/src/steps/solver/api_patch.cpp:89][void steps::solver::API::setPatchCount(const string&, const string&, double)]: ArgErr: Number of molecules cannot be negative. 
[2019-09-09 16:27:04,201][ERROR][/home/kabir/STEPS/STEPS/src/steps/solver/api_patch.cpp:89][void steps::solver::API::setPatchCount(const string&, const string&, double)]: ArgErr: Number of molecules cannot be negative. 
[2019-09-09 17:05:10,053][ERROR][/home/kabir/STEPS/STEPS/src/steps/wmdirect/wmdirect.cpp:315][virtual void steps::wmdirect::Wmdirect::run(double)]: ArgErr: Endtime is before current simulation time 
[2019-09-09 17:06:50,551][ERROR][/home/kabir/STEPS/STEPS/src/steps/wmdirect/wmdirect.cpp:315][virtual void steps::wmdirect::Wmdirect::run(double)]: ArgErr: Endtime is before current simulation time 
[2019-09-09 17:26:33,400][ERROR][/home/kabir/STEPS/STEPS/src/steps/solver/statedef.cpp:662][uint steps::solver::Statedef::getSReacIdx(const string&) const]: ArgErr: Model does not contain sreac with string identifier 'VDCC_C01'. 
[2019-09-09 18:06:36,252][ERROR][/home/kabir/STEPS/STEPS/src/steps/solver/statedef.cpp:662][uint steps::solver::Statedef::getSReacIdx(const string&) const]: ArgErr: Model does not contain sreac with string identifier 'VDCC_C01'. 
[2019-09-09 18:13:05,977][ERROR][/home/kabir/STEPS/STEPS/src/steps/solver/statedef.cpp:662][uint steps::solver::Statedef::getSReacIdx(const string&) const]: ArgErr: Model does not contain sreac with string identifier 'VDCC_C01'. 
[2019-09-09 18:13:49,015][ERROR][/home/kabir/STEPS/STEPS/src/steps/solver/statedef.cpp:534][uint steps::solver::Statedef::getPatchIdx(const string&) const]: ArgErr: Geometry does not contain patch with string identifier 'cytSurfsys'. 
[2019-09-09 18:39:31,703][ERROR][/home/kabir/STEPS/STEPS/src/steps/solver/statedef.cpp:534][uint steps::solver::Statedef::getPatchIdx(const string&) const]: ArgErr: Geometry does not contain patch with string identifier 'erSurf'. 
[2019-09-10 16:55:07,420][ERROR][/home/kabir/STEPS/STEPS/src/steps/solver/statedef.cpp:534][uint steps::solver::Statedef::getPatchIdx(const string&) const]: ArgErr: Geometry does not contain patch with string identifier 'erSurf'. 
[2019-09-10 16:57:01,089][ERROR][/home/kabir/STEPS/STEPS/src/steps/solver/statedef.cpp:491][uint steps::solver::Statedef::getCompIdx(const string&) const]: ArgErr: Geometry does not contain comp with string identifier 'cerVol'. 
[2019-09-10 17:14:11,424][ERROR][/home/kabir/STEPS/STEPS/src/steps/wmdirect/wmdirect.cpp:444][virtual void steps::wmdirect::Wmdirect::_setCompCount(uint, uint, double)]: ArgErr: Species undefined in compartment.
 
[2019-09-11 17:37:39,718][ERROR][/home/kabir/STEPS/STEPS/src/steps/wmrk4/wmrk4.cpp:1093][void steps::wmrk4::Wmrk4::_rksteps(double, double)]: ArgErr: dt is zero or negative. Call setDT() method. 
[2019-09-11 17:38:02,571][ERROR][/home/kabir/STEPS/STEPS/src/steps/wmrk4/wmrk4.cpp:1093][void steps::wmrk4::Wmrk4::_rksteps(double, double)]: ArgErr: dt is zero or negative. Call setDT() method. 
[2019-09-11 17:38:31,142][ERROR][/home/kabir/STEPS/STEPS/src/steps/wmrk4/wmrk4.cpp:1093][void steps::wmrk4::Wmrk4::_rksteps(double, double)]: ArgErr: dt is zero or negative. Call setDT() method. 
[2019-09-11 17:43:40,374][ERROR][/home/kabir/STEPS/STEPS/src/steps/wmrk4/wmrk4.cpp:1093][void steps::wmrk4::Wmrk4::_rksteps(double, double)]: ArgErr: dt is zero or negative. Call setDT() method. 
[2019-09-11 17:50:45,746][ERROR][/home/kabir/STEPS/STEPS/src/steps/wmrk4/wmrk4.cpp:1100][void steps::wmrk4::Wmrk4::_rksteps(double, double)]: ArgErr: dt is larger than simulation step. 
[2019-09-11 17:51:03,528][ERROR][/home/kabir/STEPS/STEPS/src/steps/wmrk4/wmrk4.cpp:1100][void steps::wmrk4::Wmrk4::_rksteps(double, double)]: ArgErr: dt is larger than simulation step. 
[2019-09-11 17:54:08,580][ERROR][/home/kabir/STEPS/STEPS/src/steps/wmrk4/wmrk4.cpp:1100][void steps::wmrk4::Wmrk4::_rksteps(double, double)]: ArgErr: dt is larger than simulation step. 
[2019-09-11 17:57:11,265][ERROR][/home/kabir/STEPS/STEPS/src/steps/wmrk4/wmrk4.cpp:1100][void steps::wmrk4::Wmrk4::_rksteps(double, double)]: ArgErr: dt is larger than simulation step. 
[2019-09-11 18:00:30,459][ERROR][/home/kabir/STEPS/STEPS/src/steps/wmrk4/wmrk4.cpp:1100][void steps::wmrk4::Wmrk4::_rksteps(double, double)]: ArgErr: dt is larger than simulation step. 
[2019-09-11 18:00:48,865][ERROR][/home/kabir/STEPS/STEPS/src/steps/wmrk4/wmrk4.cpp:1100][void steps::wmrk4::Wmrk4::_rksteps(double, double)]: ArgErr: dt is larger than simulation step. 
[2019-09-11 18:06:22,176][ERROR][/home/kabir/STEPS/STEPS/src/steps/wmrk4/wmrk4.cpp:1100][void steps::wmrk4::Wmrk4::_rksteps(double, double)]: ArgErr: dt is larger than simulation step. 
[2019-09-11 18:07:51,145][ERROR][/home/kabir/STEPS/STEPS/src/steps/wmrk4/wmrk4.cpp:1100][void steps::wmrk4::Wmrk4::_rksteps(double, double)]: ArgErr: dt is larger than simulation step. 
[2019-09-11 18:09:02,016][ERROR][/home/kabir/STEPS/STEPS/src/steps/wmrk4/wmrk4.cpp:1100][void steps::wmrk4::Wmrk4::_rksteps(double, double)]: ArgErr: dt is larger than simulation step. 
[2019-09-11 18:11:26,893][ERROR][/home/kabir/STEPS/STEPS/src/steps/wmrk4/wmrk4.cpp:1100][void steps::wmrk4::Wmrk4::_rksteps(double, double)]: ArgErr: dt is larger than simulation step. 
[2019-09-11 18:11:44,007][ERROR][/home/kabir/STEPS/STEPS/src/steps/wmrk4/wmrk4.cpp:1100][void steps::wmrk4::Wmrk4::_rksteps(double, double)]: ArgErr: dt is larger than simulation step. 
[2019-09-11 18:47:05,534][ERROR][/home/kabir/STEPS/STEPS/src/steps/wmrk4/wmrk4.cpp:1100][void steps::wmrk4::Wmrk4::_rksteps(double, double)]: ArgErr: dt is larger than simulation step. 
[2019-09-11 18:47:19,310][ERROR][/home/kabir/STEPS/STEPS/src/steps/wmrk4/wmrk4.cpp:1100][void steps::wmrk4::Wmrk4::_rksteps(double, double)]: ArgErr: dt is larger than simulation step. 
[2019-09-11 18:47:53,704][ERROR][/home/kabir/STEPS/STEPS/src/steps/wmrk4/wmrk4.cpp:1100][void steps::wmrk4::Wmrk4::_rksteps(double, double)]: ArgErr: dt is larger than simulation step. 
[2019-09-11 18:49:25,265][ERROR][/home/kabir/STEPS/STEPS/src/steps/wmrk4/wmrk4.cpp:1100][void steps::wmrk4::Wmrk4::_rksteps(double, double)]: ArgErr: dt is larger than simulation step. 
[2019-09-11 18:50:40,080][ERROR][/home/kabir/STEPS/STEPS/src/steps/wmrk4/wmrk4.cpp:1100][void steps::wmrk4::Wmrk4::_rksteps(double, double)]: ArgErr: dt is larger than simulation step. 
[2019-09-12 01:28:11,113][ERROR][/home/kabir/STEPS/STEPS/src/steps/model/model.cpp:237][void steps::model::Model::_checkSpecID(const string&) const]: ArgErr: 'H0M0' is already in use 
[2019-09-12 01:29:39,107][ERROR][/home/kabir/STEPS/STEPS/src/steps/model/model.cpp:237][void steps::model::Model::_checkSpecID(const string&) const]: ArgErr: 'H0M0' is already in use 
[2019-09-12 01:31:35,639][ERROR][/home/kabir/STEPS/STEPS/src/steps/model/model.cpp:237][void steps::model::Model::_checkSpecID(const string&) const]: ArgErr: 'H0M0' is already in use 
[2019-09-12 01:32:23,779][ERROR][/home/kabir/STEPS/STEPS/src/steps/model/model.cpp:237][void steps::model::Model::_checkSpecID(const string&) const]: ArgErr: 'H0M0' is already in use 
[2019-09-12 01:33:27,160][ERROR][/home/kabir/STEPS/STEPS/src/steps/model/model.cpp:237][void steps::model::Model::_checkSpecID(const string&) const]: ArgErr: 'H0M0' is already in use 
[2019-09-12 01:55:20,040][ERROR][/home/kabir/STEPS/STEPS/src/steps/model/model.cpp:237][void steps::model::Model::_checkSpecID(const string&) const]: ArgErr: 'H0M0' is already in use 
[2019-09-12 01:55:32,282][ERROR][/home/kabir/STEPS/STEPS/src/steps/model/model.cpp:237][void steps::model::Model::_checkSpecID(const string&) const]: ArgErr: 'H0M0' is already in use 
[2019-09-12 01:55:57,860][ERROR][/home/kabir/STEPS/STEPS/src/steps/model/model.cpp:237][void steps::model::Model::_checkSpecID(const string&) const]: ArgErr: 'H0M0' is already in use 
[2019-09-12 17:18:18,383][ERROR][/home/kabir/STEPS/STEPS/src/steps/wmdirect/wmdirect.cpp:444][virtual void steps::wmdirect::Wmdirect::_setCompCount(uint, uint, double)]: ArgErr: Species undefined in compartment.
 
[2019-09-12 17:21:49,369][ERROR][/home/kabir/STEPS/STEPS/src/steps/wmdirect/wmdirect.cpp:444][virtual void steps::wmdirect::Wmdirect::_setCompCount(uint, uint, double)]: ArgErr: Species undefined in compartment.
 
[2019-09-12 17:21:59,796][ERROR][/home/kabir/STEPS/STEPS/src/steps/wmdirect/wmdirect.cpp:444][virtual void steps::wmdirect::Wmdirect::_setCompCount(uint, uint, double)]: ArgErr: Species undefined in compartment.
 
[2019-09-12 17:24:58,488][ERROR][/home/kabir/STEPS/STEPS/src/steps/wmdirect/wmdirect.cpp:444][virtual void steps::wmdirect::Wmdirect::_setCompCount(uint, uint, double)]: ArgErr: Species undefined in compartment.
 
[2019-09-12 17:40:36,200][ERROR][/home/kabir/STEPS/STEPS/src/steps/wmdirect/wmdirect.cpp:444][virtual void steps::wmdirect::Wmdirect::_setCompCount(uint, uint, double)]: ArgErr: Species undefined in compartment.
 
[2019-09-12 17:40:53,477][ERROR][/home/kabir/STEPS/STEPS/src/steps/wmdirect/wmdirect.cpp:444][virtual void steps::wmdirect::Wmdirect::_setCompCount(uint, uint, double)]: ArgErr: Species undefined in compartment.
 
[2019-09-12 17:41:10,078][ERROR][/home/kabir/STEPS/STEPS/src/steps/wmdirect/wmdirect.cpp:444][virtual void steps::wmdirect::Wmdirect::_setCompCount(uint, uint, double)]: ArgErr: Species undefined in compartment.
 
[2019-09-12 17:41:46,772][ERROR][/home/kabir/STEPS/STEPS/src/steps/wmdirect/wmdirect.cpp:444][virtual void steps::wmdirect::Wmdirect::_setCompCount(uint, uint, double)]: ArgErr: Species undefined in compartment.
 
[2019-09-12 17:42:29,114][ERROR][/home/kabir/STEPS/STEPS/src/steps/wmdirect/wmdirect.cpp:444][virtual void steps::wmdirect::Wmdirect::_setCompCount(uint, uint, double)]: ArgErr: Species undefined in compartment.
 
[2019-09-12 17:43:34,791][ERROR][/home/kabir/STEPS/STEPS/src/steps/wmdirect/wmdirect.cpp:444][virtual void steps::wmdirect::Wmdirect::_setCompCount(uint, uint, double)]: ArgErr: Species undefined in compartment.
 
[2019-09-12 17:46:21,335][ERROR][/home/kabir/STEPS/STEPS/src/steps/wmdirect/wmdirect.cpp:444][virtual void steps::wmdirect::Wmdirect::_setCompCount(uint, uint, double)]: ArgErr: Species undefined in compartment.
 
[2019-09-12 17:51:08,510][ERROR][/home/kabir/STEPS/STEPS/src/steps/model/model.cpp:237][void steps::model::Model::_checkSpecID(const string&) const]: ArgErr: 'H0M0' is already in use 
[2019-09-12 17:56:46,421][ERROR][/home/kabir/STEPS/STEPS/src/steps/solver/statedef.cpp:491][uint steps::solver::Statedef::getCompIdx(const string&) const]: ArgErr: Geometry does not contain comp with string identifier 'erSurf'. 
[2019-09-12 18:01:50,588][ERROR][/home/kabir/STEPS/STEPS/src/steps/solver/statedef.cpp:491][uint steps::solver::Statedef::getCompIdx(const string&) const]: ArgErr: Geometry does not contain comp with string identifier 'erSurf'. 
[2019-09-12 18:02:39,250][ERROR][/home/kabir/STEPS/STEPS/src/steps/solver/statedef.cpp:491][uint steps::solver::Statedef::getCompIdx(const string&) const]: ArgErr: Geometry does not contain comp with string identifier 'erSurf'. 
[2019-09-12 18:03:06,486][ERROR][/home/kabir/STEPS/STEPS/src/steps/solver/statedef.cpp:491][uint steps::solver::Statedef::getCompIdx(const string&) const]: ArgErr: Geometry does not contain comp with string identifier 'erSurf'. 
[2019-09-12 18:09:49,206][ERROR][/home/kabir/STEPS/STEPS/src/steps/wmdirect/wmdirect.cpp:811][virtual double steps::wmdirect::Wmdirect::_getPatchCount(uint, uint) const]: ArgErr: Species undefined in patch.
 
